#
# A fatal error has been detected by the Java Runtime Environment:
#
#  SIGSEGV (0xb) at pc=0x000000010bc034d4, pid=17563, tid=9987
#
# JRE version: Java(TM) SE Runtime Environment (15.0.1+9) (build 15.0.1+9-18)
# Java VM: Java HotSpot(TM) 64-Bit Server VM (15.0.1+9-18, mixed mode, sharing, tiered, compressed oops, g1 gc, bsd-amd64)
# Problematic frame:
# V  [libjvm.dylib+0x34d4]  AccessInternal::PostRuntimeDispatch<G1BarrierSet::AccessBarrier<548980ull, G1BarrierSet>, (AccessInternal::BarrierType)2, 548980ull>::oop_access_barrier(void*)+0x4
#
# No core dump will be written. Core dumps have been disabled. To enable core dumping, try "ulimit -c unlimited" before starting Java again
#
# If you would like to submit a bug report, please visit:
#   https://bugreport.java.com/bugreport/crash.jsp
#

---------------  S U M M A R Y ------------

Command Line: -Dfile.encoding=UTF-8 --module-path=/Users/TTH/Documents/GitHub/1009assignment/target/classes:/Users/TTH/Documents/GitHub/1009assignment/lib/json-java.jar:/Users/TTH/Documents/GitHub/1009assignment/lib/commons-text-1.9.jar:/Users/TTH/Documents/GitHub/1009assignment/lib/commons-lang3-3.1.jar:/Users/TTH/Documents/GitHub/1009assignment/lib/httpcore-4.4.14.jar:/Users/TTH/Documents/GitHub/1009assignment/lib/httpclient-4.0-alpha3.jar:/Users/TTH/Documents/GitHub/1009assignment/lib/commons-logging-1.2.jar:/Users/TTH/Documents/GitHub/1009assignment/lib/commons-codec-1.15.jar:/Users/TTH/Documents/GitHub/1009assignment/lib/JRAW-1.1.0.jar:/Users/TTH/Documents/GitHub/1009assignment/lib/stanford-corenlp-4.2.0-models.jar:/Users/TTH/Documents/GitHub/1009assignment/lib/stanford-corenlp-4.2.0.jar:/Users/TTH/Documents/GitHub/1009assignment/jgoodies-forms-1.8.0.jar:/Users/TTH/Documents/GitHub/1009assignment/miglayout15-swing.jar:/Users/TTH/Documents/GitHub/1009assignment/lib/jsoup-1.13.1.jar:/Users/TTH/Documents/GitHub/1009assignment/lib/sqlite-jdbc-3.34.0.jar:/Users/TTH/Documents/GitHub/1009assignment/lib/twitter4j-core-4.0.7.jar:/Users/TTH/Documents/GitHub/1009assignment/lib/ejml-core-0.39.jar:/Users/TTH/Documents/GitHub/1009assignment/lib/ejml-ddense-0.39.jar:/Users/TTH/Documents/GitHub/1009assignment/lib/ejml-simple-0.39.jar:/Users/TTH/Documents/GitHub/1009assignment/lib/google-collections-1.0.jar:/Users/TTH/Documents/GitHub/1009assignment/lib/jcommon-1.0.23.jar:/Users/TTH/Documents/GitHub/1009assignment/lib/jfreechart.jar:/Users/TTH/.m2/repository/com/google/apis/google-api-services-youtube/v3-rev182-1.22.0/google-api-services-youtube-v3-rev182-1.22.0.jar:/Users/TTH/.m2/repository/com/google/api-client/google-api-client/1.22.0/google-api-client-1.22.0.jar:/Users/TTH/.m2/repository/com/google/oauth-client/google-oauth-client/1.22.0/google-oauth-client-1.22.0.jar:/Users/TTH/.m2/repository/com/google/apis/google-api-services-youtubeAnalytics/v1-rev63-1.22.0/google-api-services-youtubeAnalytics-v1-rev63-1-XX:+ShowCodeDetailsInExceptionMessages edu.stanford.nlp.trees.GrammaticalStructure$1

Host: MacBookPro12,1 x86_64 2700 MHz, 4 cores, 8G, Darwin 19.6.0
Time: Sat Mar 20 19:33:51 2021 +08 elapsed time: 0.952896 seconds (0d 0h 0m 0s)

---------------  T H R E A D  ---------------

Current thread (0x00007fc4c6808200):  JavaThread "main" [_thread_in_vm, id=9987, stack(0x000070000bc6f000,0x000070000bd6f000)]

Stack: [0x000070000bc6f000,0x000070000bd6f000],  sp=0x000070000bd6edf0,  free space=1023k
Native frames: (J=compiled Java code, A=aot compiled Java code, j=interpreted, Vv=VM code, C=native code)
V  [libjvm.dylib+0x34d4]  AccessInternal::PostRuntimeDispatch<G1BarrierSet::AccessBarrier<548980ull, G1BarrierSet>, (AccessInternal::BarrierType)2, 548980ull>::oop_access_barrier(void*)+0x4
V  [libjvm.dylib+0x5167b5]  jni_GetStringUTFChars+0xc5
C  [libjli.dylib+0x79ed]  PostJVMInit+0xad
C  [libjli.dylib+0x4ed8]  JavaMain+0xbb8
C  [libjli.dylib+0x7659]  ThreadJavaMain+0x9
C  [libsystem_pthread.dylib+0x6109]  _pthread_start+0x94
C  [libsystem_pthread.dylib+0x1b8b]  thread_start+0xf


siginfo: si_signo: 11 (SIGSEGV), si_code: 1 (SEGV_MAPERR), si_addr: 0x0000000000000000

Register to memory mapping:

RAX=0x000000010b25d000 points into unknown readable memory: 0x0000000000000000 | 00 00 00 00 00 00 00 00
RBX=0x0 is NULL
RCX=0x000000010c7b7e70: jni_NativeInterface+0 in /Library/Java/JavaVirtualMachines/jdk-15.0.1.jdk/Contents/Home/lib/server/libjvm.dylib at 0x000000010bc00000
RDX=0x0 is NULL
RSP=0x000070000bd6edf0 is pointing into the stack for thread: 0x00007fc4c6808200
RBP=0x000070000bd6edf0 is pointing into the stack for thread: 0x00007fc4c6808200
RSI=0x0 is NULL
RDI=0x0 is NULL
R8 ={method} {0x000000080000e2b8} 'getCanonicalName' '()Ljava/lang/String;' in 'java/lang/Class'
R9 =0x00007fc4c4f049f0 points into unknown readable memory: 0x000000080000e2b8 | b8 e2 00 00 08 00 00 00
R10=0x000000010c8360c0: _ZN19TemplateInterpreter13_active_tableE+0x4800 in /Library/Java/JavaVirtualMachines/jdk-15.0.1.jdk/Contents/Home/lib/server/libjvm.dylib at 0x000000010bc00000
R11=0x0 is NULL
R12=0x00007fc4c6808200 is a thread
R13=0x0 is NULL
R14=0x0 is NULL
R15=0x0 is NULL


Registers:
RAX=0x000000010b25d000, RBX=0x0000000000000000, RCX=0x000000010c7b7e70, RDX=0x0000000000000000
RSP=0x000070000bd6edf0, RBP=0x000070000bd6edf0, RSI=0x0000000000000000, RDI=0x0000000000000000
R8 =0x000000080000e2b8, R9 =0x00007fc4c4f049f0, R10=0x000000010c8360c0, R11=0x0000000000000000
R12=0x00007fc4c6808200, R13=0x0000000000000000, R14=0x0000000000000000, R15=0x0000000000000000
RIP=0x000000010bc034d4, EFLAGS=0x0000000000010246, ERR=0x0000000000000004
  TRAPNO=0x000000000000000e

Top of Stack: (sp=0x000070000bd6edf0)
0x000070000bd6edf0:   000070000bd6ee80 000000010c1167b5
0x000070000bd6ee00:   00007fc4c6808200 0000000000000000
0x000070000bd6ee10:   000000010b236b92 000000010b236b81
0x000070000bd6ee20:   882c90d3a19a00bd 00007fc4c6808528
0x000070000bd6ee30:   00007fc4c6808200 0000000000000000
0x000070000bd6ee40:   0000000000000000 00007fc4c6808200
0x000070000bd6ee50:   000070000bd6ee80 00007fc4c6808528
0x000070000bd6ee60:   00007fc4c4f052d8 0000000000000000
0x000070000bd6ee70:   0000000000000000 00007fc4c4f052d0
0x000070000bd6ee80:   000070000bd6ef10 000000010b2329ed
0x000070000bd6ee90:   00007fc4c6808528 00007fc4c6808200
0x000070000bd6eea0:   000070000bd6eed0 000000010c1035df
0x000070000bd6eeb0:   882c90d3a19a00bd 00007fc4c4f052b8
0x000070000bd6eec0:   00007fc4c4f052d8 0000000000000000
0x000070000bd6eed0:   00007fc4c6808528 00007fc4c6808200
0x000070000bd6eee0:   000070000bd6ef10 882c90d3a19a00bd
0x000070000bd6eef0:   00007fc4c4f052b8 00007fc4c4f052d8
0x000070000bd6ef00:   00007fc4c4f052e8 00007fc4c4f052d0
0x000070000bd6ef10:   000070000bd6efa0 000000010b22fed8
0x000070000bd6ef20:   0000000000000000 0005bdf634e43ac1
0x000070000bd6ef30:   0000000600010002 00007fc4c4e07400
0x000070000bd6ef40:   0000000000000000 0000000000000000
0x000070000bd6ef50:   00007fc4c4f04240 0000000000000001
0x000070000bd6ef60:   00007fc4c4f041b0 00007fc4c6808528
0x000070000bd6ef70:   000000010c7b7e68 000070000bd6f000
0x000070000bd6ef80:   0000000000000000 0000000000000000
0x000070000bd6ef90:   0000000000000000 0000000000000000
0x000070000bd6efa0:   000070000bd6efb0 000000010b232659
0x000070000bd6efb0:   000070000bd6efd0 00007fff72773109
0x000070000bd6efc0:   0000000000000000 0000000000000000
0x000070000bd6efd0:   000070000bd6eff0 00007fff7276eb8b
0x000070000bd6efe0:   0000000000000000 0000000000000000 

Instructions: (pc=0x000000010bc034d4)
0x000000010bc033d4:   ff 0b 73 0e 48 63 c7 48 8d 0d ae 7e ae 00 8b 04
0x000000010bc033e4:   81 c3 55 48 89 e5 48 8d 3d 13 94 a6 00 be 9c 00
0x000000010bc033f4:   00 00 e8 75 bc 2f 00 e8 b0 42 82 00 31 c0 5d c3
0x000000010bc03404:   66 66 66 2e 0f 1f 84 00 00 00 00 00 55 48 89 e5
0x000000010bc03414:   48 8b 47 08 0f b7 48 32 0f b7 40 30 8d 44 01 19
0x000000010bc03424:   5d c3 66 2e 0f 1f 84 00 00 00 00 00 55 48 89 e5
0x000000010bc03434:   53 50 48 89 fb 48 8d 0d f8 4a c1 00 48 8d 05 d9
0x000000010bc03444:   91 be 00 48 8b 00 8b 40 10 ff c8 80 39 00 74 10
0x000000010bc03454:   83 f8 04 73 1f 48 98 48 8d 0d 7e d4 b0 00 eb 0e
0x000000010bc03464:   83 f8 04 73 0f 48 98 48 8d 0d 8e d4 b0 00 48 8b
0x000000010bc03474:   04 c1 eb 21 48 8d 3d bc 93 a6 00 48 8d 15 e5 93
0x000000010bc03484:   a6 00 be e8 00 00 00 31 c0 e8 de b9 2f 00 e8 19
0x000000010bc03494:   42 82 00 31 c0 48 89 05 90 11 bb 00 48 89 df 48
0x000000010bc034a4:   83 c4 08 5b 5d ff e0 0f 1f 44 00 00 55 48 89 e5
0x000000010bc034b4:   48 8b 07 5d c3 0f 1f 80 00 00 00 00 55 48 89 e5
0x000000010bc034c4:   48 8b 07 5d c3 0f 1f 80 00 00 00 00 55 48 89 e5
0x000000010bc034d4:   48 8b 07 5d c3 0f 1f 80 00 00 00 00 55 48 89 e5
0x000000010bc034e4:   41 57 41 56 53 50 49 89 fe 49 8b 1e 4c 8d 3d 41
0x000000010bc034f4:   67 c4 00 49 85 1f 74 3c 48 89 df e8 8c 31 a3 00
0x000000010bc03504:   48 89 c1 48 85 c9 74 29 48 89 d8 f0 49 0f b1 0e
0x000000010bc03514:   48 89 c2 48 39 da 74 19 0f 1f 40 00 49 85 17 74
0x000000010bc03524:   10 48 89 d0 f0 49 0f b1 0e 48 39 d0 48 89 c2 75
0x000000010bc03534:   eb 48 89 cb 48 89 d8 48 83 c4 08 5b 41 5e 41 5f
0x000000010bc03544:   5d c3 66 2e 0f 1f 84 00 00 00 00 00 55 48 89 e5
0x000000010bc03554:   48 8b 07 5d c3 0f 1f 80 00 00 00 00 55 48 89 e5
0x000000010bc03564:   48 8b 07 5d c3 0f 1f 80 00 00 00 00 55 48 89 e5
0x000000010bc03574:   48 8b 07 5d c3 0f 1f 80 00 00 00 00 55 48 89 e5
0x000000010bc03584:   41 57 41 56 53 50 49 89 fe 49 8b 1e 4c 8d 3d a1
0x000000010bc03594:   66 c4 00 49 85 1f 74 3c 48 89 df e8 ec 30 a3 00
0x000000010bc035a4:   48 89 c1 48 85 c9 74 29 48 89 d8 f0 49 0f b1 0e
0x000000010bc035b4:   48 89 c2 48 39 da 74 19 0f 1f 40 00 49 85 17 74
0x000000010bc035c4:   10 48 89 d0 f0 49 0f b1 0e 48 39 d0 48 89 c2 75 


Stack slot to memory mapping:
stack at sp + 0 slots: 0x000070000bd6ee80 is pointing into the stack for thread: 0x00007fc4c6808200
stack at sp + 1 slots: 0x000000010c1167b5: jni_GetStringUTFChars+0xc5 in /Library/Java/JavaVirtualMachines/jdk-15.0.1.jdk/Contents/Home/lib/server/libjvm.dylib at 0x000000010bc00000
stack at sp + 2 slots: 0x00007fc4c6808200 is a thread
stack at sp + 3 slots: 0x0 is NULL
stack at sp + 4 slots: 0x000000010b236b92: JLI_WildcardExpandClasspath+0x2282 in /Library/Java/JavaVirtualMachines/jdk-15.0.1.jdk/Contents/Home/lib/libjli.dylib at 0x000000010b22b000
stack at sp + 5 slots: 0x000000010b236b81: JLI_WildcardExpandClasspath+0x2271 in /Library/Java/JavaVirtualMachines/jdk-15.0.1.jdk/Contents/Home/lib/libjli.dylib at 0x000000010b22b000
stack at sp + 6 slots: 0x882c90d3a19a00bd is an unknown value
stack at sp + 7 slots: 0x00007fc4c6808528 points into unknown readable memory: 0x000000010c7b7e70 | 70 7e 7b 0c 01 00 00 00


---------------  P R O C E S S  ---------------

Threads class SMR info:
_java_thread_list=0x00007fc4c4f23860, length=10, elements={
0x00007fc4c6808200, 0x00007fc4c5881400, 0x00007fc4c5883c00, 0x00007fc4c6013c00,
0x00007fc4c5009800, 0x00007fc4c5013e00, 0x00007fc4c5015a00, 0x00007fc4c683a200,
0x00007fc4c6014200, 0x00007fc4c5021000
}

Java Threads: ( => current thread )
=>0x00007fc4c6808200 JavaThread "main" [_thread_in_vm, id=9987, stack(0x000070000bc6f000,0x000070000bd6f000)]
  0x00007fc4c5881400 JavaThread "Reference Handler" daemon [_thread_blocked, id=15619, stack(0x000070000c384000,0x000070000c484000)]
  0x00007fc4c5883c00 JavaThread "Finalizer" daemon [_thread_blocked, id=17923, stack(0x000070000c487000,0x000070000c587000)]
  0x00007fc4c6013c00 JavaThread "Signal Dispatcher" daemon [_thread_blocked, id=41987, stack(0x000070000c690000,0x000070000c790000)]
  0x00007fc4c5009800 JavaThread "Service Thread" daemon [_thread_blocked, id=22531, stack(0x000070000c793000,0x000070000c893000)]
  0x00007fc4c5013e00 JavaThread "C2 CompilerThread0" daemon [_thread_in_native, id=23299, stack(0x000070000c896000,0x000070000c996000)]
  0x00007fc4c5015a00 JavaThread "C1 CompilerThread0" daemon [_thread_blocked, id=23811, stack(0x000070000c999000,0x000070000ca99000)]
  0x00007fc4c683a200 JavaThread "Sweeper thread" daemon [_thread_blocked, id=24579, stack(0x000070000ca9c000,0x000070000cb9c000)]
  0x00007fc4c6014200 JavaThread "Common-Cleaner" daemon [_thread_blocked, id=39939, stack(0x000070000cb9f000,0x000070000cc9f000)]
  0x00007fc4c5021000 JavaThread "Notification Thread" daemon [_thread_blocked, id=26115, stack(0x000070000cea8000,0x000070000cfa8000)]

Other Threads:
  0x00007fc4c4f0dca0 VMThread "VM Thread" [stack: 0x000070000c281000,0x000070000c381000] [id=18947]
  0x00007fc4c4f3e950 WatcherThread [stack: 0x000070000cfab000,0x000070000d0ab000] [id=26371]
  0x00007fc4c4f08080 GCTaskThread "GC Thread#0" [stack: 0x000070000bd72000,0x000070000be72000] [id=20227]
  0x00007fc4c4e30d60 GCTaskThread "GC Thread#1" [stack: 0x000070000cca2000,0x000070000cda2000] [id=39683]
  0x00007fc4c4e318c0 GCTaskThread "GC Thread#2" [stack: 0x000070000cda5000,0x000070000cea5000] [id=25603]
  0x00007fc4c4c0ccd0 ConcurrentGCThread "G1 Main Marker" [stack: 0x000070000be75000,0x000070000bf75000] [id=13315]
  0x00007fc4c4c0deb0 ConcurrentGCThread "G1 Conc#0" [stack: 0x000070000bf78000,0x000070000c078000] [id=19715]
  0x00007fc4c4c298e0 ConcurrentGCThread "G1 Refine#0" [stack: 0x000070000c07b000,0x000070000c17b000] [id=14083]
  0x00007fc4c4c2a950 ConcurrentGCThread "G1 Young RemSet Sampling" [stack: 0x000070000c17e000,0x000070000c27e000] [id=14595]

Threads with active compile tasks:
C2 CompilerThread0      962  345       4       java.util.stream.ReferencePipeline$2$1::accept (27 bytes)

VM state: not at safepoint (normal execution)

VM Mutex/Monitor currently owned by a thread: None

Heap address: 0x0000000780000000, size: 2048 MB, Compressed Oops mode: Zero based, Oop shift amount: 3
CDS archive(s) mapped at: [0x0000000800000000-0x0000000800b2c000-0x0000000800b2c000), size 11714560, SharedBaseAddress: 0x0000000800000000, ArchiveRelocationMode: 0.
Compressed class space mapped at: 0x0000000800b2c000-0x0000000840b2c000, size: 1073741824
Narrow klass base: 0x0000000800000000, Narrow klass shift: 3, Narrow klass range: 0x100000000

GC Precious Log:
 CPUs: 4 total, 4 available
 Memory: 8192M
 Large Page Support: Disabled
 NUMA Support: Disabled
 Compressed Oops: Enabled (Zero based)
 Heap Region Size: 1M
 Heap Min Capacity: 8M
 Heap Initial Capacity: 128M
 Heap Max Capacity: 2G
 Pre-touch: Disabled
 Parallel Workers: 4
 Concurrent Workers: 1
 Concurrent Refinement Workers: 4
 Periodic GC: Disabled

Heap:
 garbage-first heap   total 133120K, used 2532K [0x0000000780000000, 0x0000000800000000)
  region size 1024K, 3 young (3072K), 1 survivors (1024K)
 Metaspace       used 1206K, capacity 4733K, committed 5120K, reserved 1056768K
  class space    used 119K, capacity 427K, committed 512K, reserved 1048576K

Heap Regions: E=young(eden), S=young(survivor), O=old, HS=humongous(starts), HC=humongous(continues), CS=collection set, F=free, OA=open archive, CA=closed archive, TAMS=top-at-mark-start (previous, next)
|   0|0x0000000780000000, 0x0000000780000000, 0x0000000780100000|  0%| F|  |TAMS 0x0000000780000000, 0x0000000780000000| Untracked 
|   1|0x0000000780100000, 0x0000000780100000, 0x0000000780200000|  0%| F|  |TAMS 0x0000000780100000, 0x0000000780100000| Untracked 
|   2|0x0000000780200000, 0x0000000780200000, 0x0000000780300000|  0%| F|  |TAMS 0x0000000780200000, 0x0000000780200000| Untracked 
|   3|0x0000000780300000, 0x0000000780300000, 0x0000000780400000|  0%| F|  |TAMS 0x0000000780300000, 0x0000000780300000| Untracked 
|   4|0x0000000780400000, 0x0000000780400000, 0x0000000780500000|  0%| F|  |TAMS 0x0000000780400000, 0x0000000780400000| Untracked 
|   5|0x0000000780500000, 0x0000000780500000, 0x0000000780600000|  0%| F|  |TAMS 0x0000000780500000, 0x0000000780500000| Untracked 
|   6|0x0000000780600000, 0x0000000780600000, 0x0000000780700000|  0%| F|  |TAMS 0x0000000780600000, 0x0000000780600000| Untracked 
|   7|0x0000000780700000, 0x0000000780700000, 0x0000000780800000|  0%| F|  |TAMS 0x0000000780700000, 0x0000000780700000| Untracked 
|   8|0x0000000780800000, 0x0000000780800000, 0x0000000780900000|  0%| F|  |TAMS 0x0000000780800000, 0x0000000780800000| Untracked 
|   9|0x0000000780900000, 0x0000000780900000, 0x0000000780a00000|  0%| F|  |TAMS 0x0000000780900000, 0x0000000780900000| Untracked 
|  10|0x0000000780a00000, 0x0000000780a00000, 0x0000000780b00000|  0%| F|  |TAMS 0x0000000780a00000, 0x0000000780a00000| Untracked 
|  11|0x0000000780b00000, 0x0000000780b00000, 0x0000000780c00000|  0%| F|  |TAMS 0x0000000780b00000, 0x0000000780b00000| Untracked 
|  12|0x0000000780c00000, 0x0000000780c00000, 0x0000000780d00000|  0%| F|  |TAMS 0x0000000780c00000, 0x0000000780c00000| Untracked 
|  13|0x0000000780d00000, 0x0000000780d00000, 0x0000000780e00000|  0%| F|  |TAMS 0x0000000780d00000, 0x0000000780d00000| Untracked 
|  14|0x0000000780e00000, 0x0000000780e00000, 0x0000000780f00000|  0%| F|  |TAMS 0x0000000780e00000, 0x0000000780e00000| Untracked 
|  15|0x0000000780f00000, 0x0000000780f00000, 0x0000000781000000|  0%| F|  |TAMS 0x0000000780f00000, 0x0000000780f00000| Untracked 
|  16|0x0000000781000000, 0x0000000781000000, 0x0000000781100000|  0%| F|  |TAMS 0x0000000781000000, 0x0000000781000000| Untracked 
|  17|0x0000000781100000, 0x0000000781100000, 0x0000000781200000|  0%| F|  |TAMS 0x0000000781100000, 0x0000000781100000| Untracked 
|  18|0x0000000781200000, 0x0000000781200000, 0x0000000781300000|  0%| F|  |TAMS 0x0000000781200000, 0x0000000781200000| Untracked 
|  19|0x0000000781300000, 0x0000000781300000, 0x0000000781400000|  0%| F|  |TAMS 0x0000000781300000, 0x0000000781300000| Untracked 
|  20|0x0000000781400000, 0x0000000781400000, 0x0000000781500000|  0%| F|  |TAMS 0x0000000781400000, 0x0000000781400000| Untracked 
|  21|0x0000000781500000, 0x0000000781500000, 0x0000000781600000|  0%| F|  |TAMS 0x0000000781500000, 0x0000000781500000| Untracked 
|  22|0x0000000781600000, 0x0000000781600000, 0x0000000781700000|  0%| F|  |TAMS 0x0000000781600000, 0x0000000781600000| Untracked 
|  23|0x0000000781700000, 0x0000000781700000, 0x0000000781800000|  0%| F|  |TAMS 0x0000000781700000, 0x0000000781700000| Untracked 
|  24|0x0000000781800000, 0x0000000781800000, 0x0000000781900000|  0%| F|  |TAMS 0x0000000781800000, 0x0000000781800000| Untracked 
|  25|0x0000000781900000, 0x0000000781900000, 0x0000000781a00000|  0%| F|  |TAMS 0x0000000781900000, 0x0000000781900000| Untracked 
|  26|0x0000000781a00000, 0x0000000781a00000, 0x0000000781b00000|  0%| F|  |TAMS 0x0000000781a00000, 0x0000000781a00000| Untracked 
|  27|0x0000000781b00000, 0x0000000781b00000, 0x0000000781c00000|  0%| F|  |TAMS 0x0000000781b00000, 0x0000000781b00000| Untracked 
|  28|0x0000000781c00000, 0x0000000781c00000, 0x0000000781d00000|  0%| F|  |TAMS 0x0000000781c00000, 0x0000000781c00000| Untracked 
|  29|0x0000000781d00000, 0x0000000781d00000, 0x0000000781e00000|  0%| F|  |TAMS 0x0000000781d00000, 0x0000000781d00000| Untracked 
|  30|0x0000000781e00000, 0x0000000781e00000, 0x0000000781f00000|  0%| F|  |TAMS 0x0000000781e00000, 0x0000000781e00000| Untracked 
|  31|0x0000000781f00000, 0x0000000781f00000, 0x0000000782000000|  0%| F|  |TAMS 0x0000000781f00000, 0x0000000781f00000| Untracked 
|  32|0x0000000782000000, 0x0000000782000000, 0x0000000782100000|  0%| F|  |TAMS 0x0000000782000000, 0x0000000782000000| Untracked 
|  33|0x0000000782100000, 0x0000000782100000, 0x0000000782200000|  0%| F|  |TAMS 0x0000000782100000, 0x0000000782100000| Untracked 
|  34|0x0000000782200000, 0x0000000782200000, 0x0000000782300000|  0%| F|  |TAMS 0x0000000782200000, 0x0000000782200000| Untracked 
|  35|0x0000000782300000, 0x0000000782300000, 0x0000000782400000|  0%| F|  |TAMS 0x0000000782300000, 0x0000000782300000| Untracked 
|  36|0x0000000782400000, 0x0000000782400000, 0x0000000782500000|  0%| F|  |TAMS 0x0000000782400000, 0x0000000782400000| Untracked 
|  37|0x0000000782500000, 0x0000000782500000, 0x0000000782600000|  0%| F|  |TAMS 0x0000000782500000, 0x0000000782500000| Untracked 
|  38|0x0000000782600000, 0x0000000782600000, 0x0000000782700000|  0%| F|  |TAMS 0x0000000782600000, 0x0000000782600000| Untracked 
|  39|0x0000000782700000, 0x0000000782700000, 0x0000000782800000|  0%| F|  |TAMS 0x0000000782700000, 0x0000000782700000| Untracked 
|  40|0x0000000782800000, 0x0000000782800000, 0x0000000782900000|  0%| F|  |TAMS 0x0000000782800000, 0x0000000782800000| Untracked 
|  41|0x0000000782900000, 0x0000000782900000, 0x0000000782a00000|  0%| F|  |TAMS 0x0000000782900000, 0x0000000782900000| Untracked 
|  42|0x0000000782a00000, 0x0000000782a00000, 0x0000000782b00000|  0%| F|  |TAMS 0x0000000782a00000, 0x0000000782a00000| Untracked 
|  43|0x0000000782b00000, 0x0000000782b00000, 0x0000000782c00000|  0%| F|  |TAMS 0x0000000782b00000, 0x0000000782b00000| Untracked 
|  44|0x0000000782c00000, 0x0000000782c00000, 0x0000000782d00000|  0%| F|  |TAMS 0x0000000782c00000, 0x0000000782c00000| Untracked 
|  45|0x0000000782d00000, 0x0000000782d00000, 0x0000000782e00000|  0%| F|  |TAMS 0x0000000782d00000, 0x0000000782d00000| Untracked 
|  46|0x0000000782e00000, 0x0000000782e00000, 0x0000000782f00000|  0%| F|  |TAMS 0x0000000782e00000, 0x0000000782e00000| Untracked 
|  47|0x0000000782f00000, 0x0000000782f00000, 0x0000000783000000|  0%| F|  |TAMS 0x0000000782f00000, 0x0000000782f00000| Untracked 
|  48|0x0000000783000000, 0x0000000783000000, 0x0000000783100000|  0%| F|  |TAMS 0x0000000783000000, 0x0000000783000000| Untracked 
|  49|0x0000000783100000, 0x0000000783100000, 0x0000000783200000|  0%| F|  |TAMS 0x0000000783100000, 0x0000000783100000| Untracked 
|  50|0x0000000783200000, 0x0000000783200000, 0x0000000783300000|  0%| F|  |TAMS 0x0000000783200000, 0x0000000783200000| Untracked 
|  51|0x0000000783300000, 0x0000000783300000, 0x0000000783400000|  0%| F|  |TAMS 0x0000000783300000, 0x0000000783300000| Untracked 
|  52|0x0000000783400000, 0x0000000783400000, 0x0000000783500000|  0%| F|  |TAMS 0x0000000783400000, 0x0000000783400000| Untracked 
|  53|0x0000000783500000, 0x0000000783500000, 0x0000000783600000|  0%| F|  |TAMS 0x0000000783500000, 0x0000000783500000| Untracked 
|  54|0x0000000783600000, 0x0000000783600000, 0x0000000783700000|  0%| F|  |TAMS 0x0000000783600000, 0x0000000783600000| Untracked 
|  55|0x0000000783700000, 0x0000000783700000, 0x0000000783800000|  0%| F|  |TAMS 0x0000000783700000, 0x0000000783700000| Untracked 
|  56|0x0000000783800000, 0x0000000783800000, 0x0000000783900000|  0%| F|  |TAMS 0x0000000783800000, 0x0000000783800000| Untracked 
|  57|0x0000000783900000, 0x0000000783900000, 0x0000000783a00000|  0%| F|  |TAMS 0x0000000783900000, 0x0000000783900000| Untracked 
|  58|0x0000000783a00000, 0x0000000783a00000, 0x0000000783b00000|  0%| F|  |TAMS 0x0000000783a00000, 0x0000000783a00000| Untracked 
|  59|0x0000000783b00000, 0x0000000783b00000, 0x0000000783c00000|  0%| F|  |TAMS 0x0000000783b00000, 0x0000000783b00000| Untracked 
|  60|0x0000000783c00000, 0x0000000783c00000, 0x0000000783d00000|  0%| F|  |TAMS 0x0000000783c00000, 0x0000000783c00000| Untracked 
|  61|0x0000000783d00000, 0x0000000783d00000, 0x0000000783e00000|  0%| F|  |TAMS 0x0000000783d00000, 0x0000000783d00000| Untracked 
|  62|0x0000000783e00000, 0x0000000783e00000, 0x0000000783f00000|  0%| F|  |TAMS 0x0000000783e00000, 0x0000000783e00000| Untracked 
|  63|0x0000000783f00000, 0x0000000783f00000, 0x0000000784000000|  0%| F|  |TAMS 0x0000000783f00000, 0x0000000783f00000| Untracked 
|  64|0x0000000784000000, 0x0000000784000000, 0x0000000784100000|  0%| F|  |TAMS 0x0000000784000000, 0x0000000784000000| Untracked 
|  65|0x0000000784100000, 0x0000000784100000, 0x0000000784200000|  0%| F|  |TAMS 0x0000000784100000, 0x0000000784100000| Untracked 
|  66|0x0000000784200000, 0x0000000784200000, 0x0000000784300000|  0%| F|  |TAMS 0x0000000784200000, 0x0000000784200000| Untracked 
|  67|0x0000000784300000, 0x0000000784300000, 0x0000000784400000|  0%| F|  |TAMS 0x0000000784300000, 0x0000000784300000| Untracked 
|  68|0x0000000784400000, 0x0000000784400000, 0x0000000784500000|  0%| F|  |TAMS 0x0000000784400000, 0x0000000784400000| Untracked 
|  69|0x0000000784500000, 0x0000000784500000, 0x0000000784600000|  0%| F|  |TAMS 0x0000000784500000, 0x0000000784500000| Untracked 
|  70|0x0000000784600000, 0x0000000784600000, 0x0000000784700000|  0%| F|  |TAMS 0x0000000784600000, 0x0000000784600000| Untracked 
|  71|0x0000000784700000, 0x0000000784700000, 0x0000000784800000|  0%| F|  |TAMS 0x0000000784700000, 0x0000000784700000| Untracked 
|  72|0x0000000784800000, 0x0000000784800000, 0x0000000784900000|  0%| F|  |TAMS 0x0000000784800000, 0x0000000784800000| Untracked 
|  73|0x0000000784900000, 0x0000000784900000, 0x0000000784a00000|  0%| F|  |TAMS 0x0000000784900000, 0x0000000784900000| Untracked 
|  74|0x0000000784a00000, 0x0000000784a00000, 0x0000000784b00000|  0%| F|  |TAMS 0x0000000784a00000, 0x0000000784a00000| Untracked 
|  75|0x0000000784b00000, 0x0000000784b00000, 0x0000000784c00000|  0%| F|  |TAMS 0x0000000784b00000, 0x0000000784b00000| Untracked 
|  76|0x0000000784c00000, 0x0000000784c00000, 0x0000000784d00000|  0%| F|  |TAMS 0x0000000784c00000, 0x0000000784c00000| Untracked 
|  77|0x0000000784d00000, 0x0000000784d00000, 0x0000000784e00000|  0%| F|  |TAMS 0x0000000784d00000, 0x0000000784d00000| Untracked 
|  78|0x0000000784e00000, 0x0000000784e00000, 0x0000000784f00000|  0%| F|  |TAMS 0x0000000784e00000, 0x0000000784e00000| Untracked 
|  79|0x0000000784f00000, 0x0000000784f00000, 0x0000000785000000|  0%| F|  |TAMS 0x0000000784f00000, 0x0000000784f00000| Untracked 
|  80|0x0000000785000000, 0x0000000785000000, 0x0000000785100000|  0%| F|  |TAMS 0x0000000785000000, 0x0000000785000000| Untracked 
|  81|0x0000000785100000, 0x0000000785100000, 0x0000000785200000|  0%| F|  |TAMS 0x0000000785100000, 0x0000000785100000| Untracked 
|  82|0x0000000785200000, 0x0000000785200000, 0x0000000785300000|  0%| F|  |TAMS 0x0000000785200000, 0x0000000785200000| Untracked 
|  83|0x0000000785300000, 0x0000000785300000, 0x0000000785400000|  0%| F|  |TAMS 0x0000000785300000, 0x0000000785300000| Untracked 
|  84|0x0000000785400000, 0x0000000785400000, 0x0000000785500000|  0%| F|  |TAMS 0x0000000785400000, 0x0000000785400000| Untracked 
|  85|0x0000000785500000, 0x0000000785500000, 0x0000000785600000|  0%| F|  |TAMS 0x0000000785500000, 0x0000000785500000| Untracked 
|  86|0x0000000785600000, 0x0000000785600000, 0x0000000785700000|  0%| F|  |TAMS 0x0000000785600000, 0x0000000785600000| Untracked 
|  87|0x0000000785700000, 0x0000000785700000, 0x0000000785800000|  0%| F|  |TAMS 0x0000000785700000, 0x0000000785700000| Untracked 
|  88|0x0000000785800000, 0x0000000785800000, 0x0000000785900000|  0%| F|  |TAMS 0x0000000785800000, 0x0000000785800000| Untracked 
|  89|0x0000000785900000, 0x0000000785900000, 0x0000000785a00000|  0%| F|  |TAMS 0x0000000785900000, 0x0000000785900000| Untracked 
|  90|0x0000000785a00000, 0x0000000785a00000, 0x0000000785b00000|  0%| F|  |TAMS 0x0000000785a00000, 0x0000000785a00000| Untracked 
|  91|0x0000000785b00000, 0x0000000785b00000, 0x0000000785c00000|  0%| F|  |TAMS 0x0000000785b00000, 0x0000000785b00000| Untracked 
|  92|0x0000000785c00000, 0x0000000785c00000, 0x0000000785d00000|  0%| F|  |TAMS 0x0000000785c00000, 0x0000000785c00000| Untracked 
|  93|0x0000000785d00000, 0x0000000785d00000, 0x0000000785e00000|  0%| F|  |TAMS 0x0000000785d00000, 0x0000000785d00000| Untracked 
|  94|0x0000000785e00000, 0x0000000785e00000, 0x0000000785f00000|  0%| F|  |TAMS 0x0000000785e00000, 0x0000000785e00000| Untracked 
|  95|0x0000000785f00000, 0x0000000785f00000, 0x0000000786000000|  0%| F|  |TAMS 0x0000000785f00000, 0x0000000785f00000| Untracked 
|  96|0x0000000786000000, 0x0000000786000000, 0x0000000786100000|  0%| F|  |TAMS 0x0000000786000000, 0x0000000786000000| Untracked 
|  97|0x0000000786100000, 0x0000000786100000, 0x0000000786200000|  0%| F|  |TAMS 0x0000000786100000, 0x0000000786100000| Untracked 
|  98|0x0000000786200000, 0x0000000786200000, 0x0000000786300000|  0%| F|  |TAMS 0x0000000786200000, 0x0000000786200000| Untracked 
|  99|0x0000000786300000, 0x0000000786300000, 0x0000000786400000|  0%| F|  |TAMS 0x0000000786300000, 0x0000000786300000| Untracked 
| 100|0x0000000786400000, 0x0000000786400000, 0x0000000786500000|  0%| F|  |TAMS 0x0000000786400000, 0x0000000786400000| Untracked 
| 101|0x0000000786500000, 0x0000000786500000, 0x0000000786600000|  0%| F|  |TAMS 0x0000000786500000, 0x0000000786500000| Untracked 
| 102|0x0000000786600000, 0x0000000786600000, 0x0000000786700000|  0%| F|  |TAMS 0x0000000786600000, 0x0000000786600000| Untracked 
| 103|0x0000000786700000, 0x0000000786700000, 0x0000000786800000|  0%| F|  |TAMS 0x0000000786700000, 0x0000000786700000| Untracked 
| 104|0x0000000786800000, 0x0000000786800000, 0x0000000786900000|  0%| F|  |TAMS 0x0000000786800000, 0x0000000786800000| Untracked 
| 105|0x0000000786900000, 0x0000000786900000, 0x0000000786a00000|  0%| F|  |TAMS 0x0000000786900000, 0x0000000786900000| Untracked 
| 106|0x0000000786a00000, 0x0000000786a00000, 0x0000000786b00000|  0%| F|  |TAMS 0x0000000786a00000, 0x0000000786a00000| Untracked 
| 107|0x0000000786b00000, 0x0000000786b00000, 0x0000000786c00000|  0%| F|  |TAMS 0x0000000786b00000, 0x0000000786b00000| Untracked 
| 108|0x0000000786c00000, 0x0000000786c00000, 0x0000000786d00000|  0%| F|  |TAMS 0x0000000786c00000, 0x0000000786c00000| Untracked 
| 109|0x0000000786d00000, 0x0000000786d00000, 0x0000000786e00000|  0%| F|  |TAMS 0x0000000786d00000, 0x0000000786d00000| Untracked 
| 110|0x0000000786e00000, 0x0000000786e00000, 0x0000000786f00000|  0%| F|  |TAMS 0x0000000786e00000, 0x0000000786e00000| Untracked 
| 111|0x0000000786f00000, 0x0000000786f00000, 0x0000000787000000|  0%| F|  |TAMS 0x0000000786f00000, 0x0000000786f00000| Untracked 
| 112|0x0000000787000000, 0x0000000787000000, 0x0000000787100000|  0%| F|  |TAMS 0x0000000787000000, 0x0000000787000000| Untracked 
| 113|0x0000000787100000, 0x0000000787100000, 0x0000000787200000|  0%| F|  |TAMS 0x0000000787100000, 0x0000000787100000| Untracked 
| 114|0x0000000787200000, 0x00000007872af3b8, 0x0000000787300000| 68%| S|CS|TAMS 0x0000000787200000, 0x0000000787200000| Complete 
| 115|0x0000000787300000, 0x0000000787300000, 0x0000000787400000|  0%| F|  |TAMS 0x0000000787300000, 0x0000000787300000| Untracked 
| 116|0x0000000787400000, 0x0000000787400000, 0x0000000787500000|  0%| F|  |TAMS 0x0000000787400000, 0x0000000787400000| Untracked 
| 117|0x0000000787500000, 0x0000000787500000, 0x0000000787600000|  0%| F|  |TAMS 0x0000000787500000, 0x0000000787500000| Untracked 
| 118|0x0000000787600000, 0x0000000787600000, 0x0000000787700000|  0%| F|  |TAMS 0x0000000787600000, 0x0000000787600000| Untracked 
| 119|0x0000000787700000, 0x0000000787700000, 0x0000000787800000|  0%| F|  |TAMS 0x0000000787700000, 0x0000000787700000| Untracked 
| 120|0x0000000787800000, 0x0000000787800000, 0x0000000787900000|  0%| F|  |TAMS 0x0000000787800000, 0x0000000787800000| Untracked 
| 121|0x0000000787900000, 0x0000000787900000, 0x0000000787a00000|  0%| F|  |TAMS 0x0000000787900000, 0x0000000787900000| Untracked 
| 122|0x0000000787a00000, 0x0000000787a00000, 0x0000000787b00000|  0%| F|  |TAMS 0x0000000787a00000, 0x0000000787a00000| Untracked 
| 123|0x0000000787b00000, 0x0000000787b00000, 0x0000000787c00000|  0%| F|  |TAMS 0x0000000787b00000, 0x0000000787b00000| Untracked 
| 124|0x0000000787c00000, 0x0000000787c00000, 0x0000000787d00000|  0%| F|  |TAMS 0x0000000787c00000, 0x0000000787c00000| Untracked 
| 125|0x0000000787d00000, 0x0000000787d00000, 0x0000000787e00000|  0%| F|  |TAMS 0x0000000787d00000, 0x0000000787d00000| Untracked 
| 126|0x0000000787e00000, 0x0000000787e75ff8, 0x0000000787f00000| 46%| E|  |TAMS 0x0000000787e00000, 0x0000000787e00000| Complete 
| 127|0x0000000787f00000, 0x0000000788000000, 0x0000000788000000|100%| E|CS|TAMS 0x0000000787f00000, 0x0000000787f00000| Complete 
|1022|0x00000007bfe00000, 0x00000007bfe51000, 0x00000007bff00000| 31%|OA|  |TAMS 0x00000007bfe00000, 0x00000007bfe00000| Untracked 
|1023|0x00000007bff00000, 0x00000007bff79000, 0x00000007c0000000| 47%|CA|  |TAMS 0x00000007bff00000, 0x00000007bff00000| Untracked 

Card table byte_map: [0x000000010d0a6000,0x000000010d4a6000] _byte_map_base: 0x00000001094a6000

Marking Bits (Prev, Next): (CMBitMap*) 0x00007fc4c580c010, (CMBitMap*) 0x00007fc4c580c050
 Prev Bits: [0x0000000125598000, 0x0000000127598000)
 Next Bits: [0x0000000127598000, 0x0000000129598000)

Polling page: 0x000000010b25c000

Metaspace:

Usage:
  Non-class:      4.21 MB capacity,     1.06 MB ( 25%) used,     3.14 MB ( 75%) free+waste,     1.19 KB ( <1%) overhead. 
      Class:    427.00 KB capacity,   119.23 KB ( 28%) used,   307.08 KB ( 72%) free+waste,   704 bytes ( <1%) overhead. 
       Both:      4.62 MB capacity,     1.18 MB ( 25%) used,     3.44 MB ( 74%) free+waste,     1.88 KB ( <1%) overhead. 

Virtual space:
  Non-class space:        8.00 MB reserved,       4.50 MB ( 56%) committed 
      Class space:        1.00 GB reserved,     512.00 KB ( <1%) committed 
             Both:        1.01 GB reserved,       5.00 MB ( <1%) committed 

Chunk freelists:
   Non-Class:  62.00 KB
       Class:  5.00 KB
        Both:  67.00 KB

MaxMetaspaceSize: 17179869184.00 GB
CompressedClassSpaceSize: 1.00 GB

CodeHeap 'non-profiled nmethods': size=120032Kb used=132Kb max_used=132Kb free=119899Kb
 bounds [0x000000011e060000, 0x000000011e2d0000, 0x0000000125598000]
CodeHeap 'profiled nmethods': size=120028Kb used=635Kb max_used=635Kb free=119392Kb
 bounds [0x0000000116b29000, 0x0000000116d99000, 0x000000011e060000]
CodeHeap 'non-nmethods': size=5700Kb used=1109Kb max_used=1123Kb free=4591Kb
 bounds [0x0000000116598000, 0x0000000116808000, 0x0000000116b29000]
 total_blobs=868 nmethods=514 adapters=268
 compilation: enabled
              stopped_count=0, restarted_count=0
 full_count=0

Compilation events (20 events):
Event: 0.919 Thread 0x00007fc4c5015a00  529       2       java.lang.String::equals (50 bytes)
Event: 0.919 Thread 0x00007fc4c5015a00 nmethod 529 0x0000000116bc5610 code [0x0000000116bc57c0, 0x0000000116bc59a0]
Event: 0.922 Thread 0x00007fc4c5015a00  530       2       java.lang.StringLatin1::lastIndexOf (40 bytes)
Event: 0.922 Thread 0x00007fc4c5015a00 nmethod 530 0x0000000116bc5a90 code [0x0000000116bc5c20, 0x0000000116bc5df0]
Event: 0.928 Thread 0x00007fc4c5015a00  531       2       java.lang.String::toString (2 bytes)
Event: 0.929 Thread 0x00007fc4c5015a00 nmethod 531 0x0000000116bc5f10 code [0x0000000116bc60a0, 0x0000000116bc6190]
Event: 0.933 Thread 0x00007fc4c5015a00  532       2       java.lang.String::lastIndexOf (29 bytes)
Event: 0.934 Thread 0x00007fc4c5015a00 nmethod 532 0x0000000116bc6210 code [0x0000000116bc63c0, 0x0000000116bc6530]
Event: 0.935 Thread 0x00007fc4c5015a00  533       2       java.lang.String::lastIndexOf (12 bytes)
Event: 0.936 Thread 0x00007fc4c5015a00 nmethod 533 0x0000000116bc6610 code [0x0000000116bc67c0, 0x0000000116bc6930]
Event: 0.939 Thread 0x00007fc4c5015a00  534       2       java.util.zip.Inflater::ensureOpen (47 bytes)
Event: 0.940 Thread 0x00007fc4c5015a00 nmethod 534 0x0000000116bc6a10 code [0x0000000116bc6bc0, 0x0000000116bc6da0]
Event: 0.940 Thread 0x00007fc4c5015a00  535       2       java.util.WeakHashMap::maskNull (12 bytes)
Event: 0.941 Thread 0x00007fc4c5015a00 nmethod 535 0x0000000116bc6e90 code [0x0000000116bc7020, 0x0000000116bc7110]
Event: 0.941 Thread 0x00007fc4c5015a00  537       2       java.lang.CharacterDataLatin1::toLowerCase (39 bytes)
Event: 0.942 Thread 0x00007fc4c5015a00 nmethod 537 0x0000000116bc7190 code [0x0000000116bc7320, 0x0000000116bc7490]
Event: 0.942 Thread 0x00007fc4c5015a00  538       2       java.lang.StringLatin1::indexOf (121 bytes)
Event: 0.943 Thread 0x00007fc4c5015a00 nmethod 538 0x0000000116bc7590 code [0x0000000116bc7740, 0x0000000116bc7a50]
Event: 0.948 Thread 0x00007fc4c5015a00  539       1       java.net.URL::getProtocol (5 bytes)
Event: 0.948 Thread 0x00007fc4c5015a00 nmethod 539 0x000000011e081090 code [0x000000011e081220, 0x000000011e0812d0]

GC Heap History (2 events):
Event: 0.902 GC heap before
{Heap before GC invocations=0 (full 0):
 garbage-first heap   total 133120K, used 13096K [0x0000000780000000, 0x0000000800000000)
  region size 1024K, 13 young (13312K), 0 survivors (0K)
 Metaspace       used 1005K, capacity 4501K, committed 4864K, reserved 1056768K
  class space    used 99K, capacity 391K, committed 512K, reserved 1048576K
}
Event: 0.904 GC heap after
{Heap after GC invocations=1 (full 0):
 garbage-first heap   total 133120K, used 1508K [0x0000000780000000, 0x0000000800000000)
  region size 1024K, 1 young (1024K), 1 survivors (1024K)
 Metaspace       used 1005K, capacity 4501K, committed 4864K, reserved 1056768K
  class space    used 99K, capacity 391K, committed 512K, reserved 1048576K
}

Deoptimization events (14 events):
Event: 0.674 Thread 0x00007fc4c6808200 DEOPT PACKING pc=0x0000000116b877a7 sp=0x000070000bd6d8a0
Event: 0.674 Thread 0x00007fc4c6808200 DEOPT UNPACKING pc=0x00000001165e5f2b sp=0x000070000bd6cd10 mode 0
Event: 0.870 Thread 0x00007fc4c6808200 Uncommon trap: trap_request=0xffffff45 fr.pc=0x000000011e075c60 relative=0x0000000000000620
Event: 0.870 Thread 0x00007fc4c6808200 Uncommon trap: reason=unstable_if action=reinterpret pc=0x000000011e075c60 method=java.util.ImmutableCollections$SetN.probe(Ljava/lang/Object;)I @ 34 c2
Event: 0.870 Thread 0x00007fc4c6808200 DEOPT PACKING pc=0x000000011e075c60 sp=0x000070000bd6e510
Event: 0.870 Thread 0x00007fc4c6808200 DEOPT UNPACKING pc=0x00000001165e6125 sp=0x000070000bd6e4d0 mode 2
Event: 0.891 Thread 0x00007fc4c6808200 Uncommon trap: trap_request=0xffffff45 fr.pc=0x000000011e0767c4 relative=0x0000000000000424
Event: 0.891 Thread 0x00007fc4c6808200 Uncommon trap: reason=unstable_if action=reinterpret pc=0x000000011e0767c4 method=java.lang.StringLatin1.newString([BII)Ljava/lang/String; @ 1 c2
Event: 0.891 Thread 0x00007fc4c6808200 DEOPT PACKING pc=0x000000011e0767c4 sp=0x000070000bd6e380
Event: 0.891 Thread 0x00007fc4c6808200 DEOPT UNPACKING pc=0x00000001165e6125 sp=0x000070000bd6e2e0 mode 2
Event: 0.918 Thread 0x00007fc4c6808200 Uncommon trap: trap_request=0xfffffff4 fr.pc=0x000000011e0747a4 relative=0x00000000000001a4
Event: 0.918 Thread 0x00007fc4c6808200 Uncommon trap: reason=null_check action=make_not_entrant pc=0x000000011e0747a4 method=java.lang.String.equals(Ljava/lang/Object;)Z @ 8 c2
Event: 0.918 Thread 0x00007fc4c6808200 DEOPT PACKING pc=0x000000011e0747a4 sp=0x000070000bd6d3a0
Event: 0.918 Thread 0x00007fc4c6808200 DEOPT UNPACKING pc=0x00000001165e6125 sp=0x000070000bd6d368 mode 2

Classes unloaded (0 events):
No events

Classes redefined (0 events):
No events

Internal exceptions (7 events):
Event: 0.323 Thread 0x00007fc4c6808200 Exception <a 'java/lang/NoSuchMethodError'{0x0000000787fa8838}: 'void java.lang.invoke.DirectMethodHandle$Holder.invokeVirtual(java.lang.Object, java.lang.Object)'> (0x0000000787fa8838) 
thrown [./open/src/hotspot/share/interpreter/linkResolver.cpp, line 782]
Event: 0.752 Thread 0x00007fc4c6808200 Exception <a 'java/lang/NoSuchMethodError'{0x000000078770e520}: 'void java.lang.invoke.DirectMethodHandle$Holder.invokeSpecial(java.lang.Object, java.lang.Object, java.lang.Object)'> (0x000000078770e520) 
thrown [./open/src/hotspot/share/interpreter/linkResolver.cpp, line 782]
Event: 0.828 Thread 0x00007fc4c6808200 Exception <a 'java/lang/NoSuchMethodError'{0x000000078741f188}: 'void java.lang.invoke.DirectMethodHandle$Holder.invokeSpecial(java.lang.Object, java.lang.Object, java.lang.Object, java.lang.Object, java.lang.Object)'> (0x000000078741f188) 
thrown [./open/src/hotspot/share/interpreter/linkResolver.cpp, line 782]
Event: 0.836 Thread 0x00007fc4c6808200 Exception <a 'java/lang/NoSuchMethodError'{0x00000007874310f8}: 'java.lang.Object java.lang.invoke.DirectMethodHandle$Holder.invokeInterface(java.lang.Object, java.lang.Object)'> (0x00000007874310f8) 
thrown [./open/src/hotspot/share/interpreter/linkResolver.cpp, line 782]
Event: 0.837 Thread 0x00007fc4c6808200 Exception <a 'java/lang/IncompatibleClassChangeError'{0x0000000787434848}: Found class java.lang.Object, but interface was expected> (0x0000000787434848) 
thrown [./open/src/hotspot/share/interpreter/linkResolver.cpp, line 848]
Event: 0.838 Thread 0x00007fc4c6808200 Exception <a 'java/lang/NoSuchMethodError'{0x0000000787437840}: 'void java.lang.invoke.DirectMethodHandle$Holder.invokeStatic(java.lang.Object, java.lang.Object, java.lang.Object, java.lang.Object)'> (0x0000000787437840) 
thrown [./open/src/hotspot/share/interpreter/linkResolver.cpp, line 782]
Event: 0.918 Thread 0x00007fc4c6808200 Implicit null exception at 0x000000011e074635 to 0x000000011e074794

Events (20 events):
Event: 0.822 Executing VM operation: ICBufferFull
Event: 0.822 Executing VM operation: ICBufferFull done
Event: 0.831 Executing VM operation: HandshakeAllThreads
Event: 0.831 Executing VM operation: HandshakeAllThreads done
Event: 0.894 loading class java/lang/WeakPairMap$Pair$Weak
Event: 0.894 loading class java/lang/WeakPairMap$WeakRefPeer
Event: 0.894 loading class java/lang/WeakPairMap$WeakRefPeer done
Event: 0.894 loading class java/lang/WeakPairMap$Pair$Weak done
Event: 0.894 loading class java/lang/WeakPairMap$Pair$Weak$1
Event: 0.895 loading class java/lang/WeakPairMap$Pair$Weak$1 done
Event: 0.902 Executing VM operation: G1CollectForAllocation
Event: 0.904 Executing VM operation: G1CollectForAllocation done
Event: 0.911 Thread 0x00007fc4c5021000 Thread added: 0x00007fc4c5021000
Event: 0.911 Protecting memory [0x000070000cea8000,0x000070000ceac000] with protection modes 0
Event: 0.935 loading class java/lang/AssertionError
Event: 0.935 loading class java/lang/AssertionError done
Event: 0.950 loading class java/io/IOException
Event: 0.950 loading class java/io/IOException done
Event: 0.950 loading class java/lang/Class$EnclosingMethodInfo
Event: 0.950 loading class java/lang/Class$EnclosingMethodInfo done


Dynamic libraries:
0x00007fff71a8f000 	/usr/lib/libz.1.dylib
0x000000010b22b000 	/Library/Java/JavaVirtualMachines/jdk-15.0.1.jdk/Contents/Home/lib/libjli.dylib
0x00007fff375db000 	/System/Library/Frameworks/Cocoa.framework/Versions/A/Cocoa
0x00007fff44dd2000 	/System/Library/Frameworks/Security.framework/Versions/A/Security
0x00007fff36540000 	/System/Library/Frameworks/ApplicationServices.framework/Versions/A/ApplicationServices
0x00007fff6f553000 	/usr/lib/libSystem.B.dylib
0x00007fff72350000 	/usr/lib/system/libcache.dylib
0x00007fff72356000 	/usr/lib/system/libcommonCrypto.dylib
0x00007fff72362000 	/usr/lib/system/libcompiler_rt.dylib
0x00007fff7236a000 	/usr/lib/system/libcopyfile.dylib
0x00007fff72374000 	/usr/lib/system/libcorecrypto.dylib
0x00007fff72513000 	/usr/lib/system/libdispatch.dylib
0x00007fff72554000 	/usr/lib/system/libdyld.dylib
0x00007fff7258b000 	/usr/lib/system/libkeymgr.dylib
0x00007fff72599000 	/usr/lib/system/liblaunch.dylib
0x00007fff7259a000 	/usr/lib/system/libmacho.dylib
0x00007fff725a0000 	/usr/lib/system/libquarantine.dylib
0x00007fff725a3000 	/usr/lib/system/libremovefile.dylib
0x00007fff725a5000 	/usr/lib/system/libsystem_asl.dylib
0x00007fff725bd000 	/usr/lib/system/libsystem_blocks.dylib
0x00007fff725be000 	/usr/lib/system/libsystem_c.dylib
0x00007fff72646000 	/usr/lib/system/libsystem_configuration.dylib
0x00007fff7264a000 	/usr/lib/system/libsystem_coreservices.dylib
0x00007fff7264e000 	/usr/lib/system/libsystem_darwin.dylib
0x00007fff72657000 	/usr/lib/system/libsystem_dnssd.dylib
0x00007fff7265f000 	/usr/lib/system/libsystem_featureflags.dylib
0x00007fff72661000 	/usr/lib/system/libsystem_info.dylib
0x00007fff726dc000 	/usr/lib/system/libsystem_m.dylib
0x00007fff72724000 	/usr/lib/system/libsystem_malloc.dylib
0x00007fff7274c000 	/usr/lib/system/libsystem_networkextension.dylib
0x00007fff7275a000 	/usr/lib/system/libsystem_notify.dylib
0x00007fff72778000 	/usr/lib/system/libsystem_sandbox.dylib
0x00007fff7277d000 	/usr/lib/system/libsystem_secinit.dylib
0x00007fff726af000 	/usr/lib/system/libsystem_kernel.dylib
0x00007fff72764000 	/usr/lib/system/libsystem_platform.dylib
0x00007fff7276d000 	/usr/lib/system/libsystem_pthread.dylib
0x00007fff72780000 	/usr/lib/system/libsystem_symptoms.dylib
0x00007fff72788000 	/usr/lib/system/libsystem_trace.dylib
0x00007fff727a0000 	/usr/lib/system/libunwind.dylib
0x00007fff727a6000 	/usr/lib/system/libxpc.dylib
0x00007fff713b3000 	/usr/lib/libobjc.A.dylib
0x00007fff6f88c000 	/usr/lib/libc++abi.dylib
0x00007fff6f839000 	/usr/lib/libc++.1.dylib
0x00007fff3847d000 	/System/Library/Frameworks/CoreFoundation.framework/Versions/A/CoreFoundation
0x00007fff3ab3a000 	/System/Library/Frameworks/Foundation.framework/Versions/C/Foundation
0x00007fff35730000 	/System/Library/Frameworks/AppKit.framework/Versions/C/AppKit
0x00007fff37f5f000 	/System/Library/Frameworks/CoreData.framework/Versions/A/CoreData
0x00007fff69568000 	/System/Library/PrivateFrameworks/UIFoundation.framework/Versions/A/UIFoundation
0x00007fff645fc000 	/System/Library/PrivateFrameworks/RemoteViewServices.framework/Versions/A/RemoteViewServices
0x00007fff6c0c3000 	/System/Library/PrivateFrameworks/XCTTargetBootstrap.framework/Versions/A/XCTTargetBootstrap
0x00007fff3834a000 	/System/Library/Frameworks/CoreDisplay.framework/Versions/A/CoreDisplay
0x00007fff3d9f5000 	/System/Library/Frameworks/Metal.framework/Versions/A/Metal
0x00007fff525e9000 	/System/Library/PrivateFrameworks/DesktopServicesPriv.framework/Versions/A/DesktopServicesPriv
0x00007fff7068e000 	/usr/lib/liblangid.dylib
0x00007fff5187e000 	/System/Library/PrivateFrameworks/CoreSVG.framework/Versions/A/CoreSVG
0x00007fff67758000 	/System/Library/PrivateFrameworks/SkyLight.framework/Versions/A/SkyLight
0x00007fff388fe000 	/System/Library/Frameworks/CoreGraphics.framework/Versions/A/CoreGraphics
0x00007fff34104000 	/System/Library/Frameworks/Accelerate.framework/Versions/A/Accelerate
0x00007fff71980000 	/usr/lib/libxml2.2.dylib
0x00007fff5d587000 	/System/Library/PrivateFrameworks/IconServices.framework/Versions/A/IconServices
0x00007fff3b319000 	/System/Library/Frameworks/IOSurface.framework/Versions/A/IOSurface
0x00007fff6f07d000 	/usr/lib/libDiagnosticMessagesClient.dylib
0x00007fff52443000 	/System/Library/PrivateFrameworks/DFRFoundation.framework/Versions/A/DFRFoundation
0x00007fff7041d000 	/usr/lib/libicucore.A.dylib
0x00007fff36872000 	/System/Library/Frameworks/AudioToolbox.framework/Versions/A/AudioToolbox
0x00007fff36955000 	/System/Library/Frameworks/AudioUnit.framework/Versions/A/AudioUnit
0x00007fff6f755000 	/usr/lib/libauto.dylib
0x00007fff524e5000 	/System/Library/PrivateFrameworks/DataDetectorsCore.framework/Versions/A/DataDetectorsCore
0x00007fff370fc000 	/System/Library/Frameworks/Carbon.framework/Versions/A/Frameworks/HIToolbox.framework/Versions/A/HIToolbox
0x00007fff43fce000 	/System/Library/Frameworks/QuartzCore.framework/Versions/A/QuartzCore
0x00007fff3743b000 	/System/Library/Frameworks/Carbon.framework/Versions/A/Frameworks/SpeechRecognition.framework/Versions/A/SpeechRecognition
0x00007fff51f57000 	/System/Library/PrivateFrameworks/CoreUI.framework/Versions/A/CoreUI
0x00007fff379ca000 	/System/Library/Frameworks/CoreAudio.framework/Versions/A/CoreAudio
0x00007fff3a7f9000 	/System/Library/Frameworks/DiskArbitration.framework/Versions/A/DiskArbitration
0x00007fff5f5d7000 	/System/Library/PrivateFrameworks/MultitouchSupport.framework/Versions/A/MultitouchSupport
0x00007fff702e4000 	/usr/lib/libenergytrace.dylib
0x00007fff3b273000 	/System/Library/Frameworks/IOKit.framework/Versions/A/IOKit
0x00007fff39865000 	/System/Library/Frameworks/CoreServices.framework/Versions/A/CoreServices
0x00007fff6178f000 	/System/Library/PrivateFrameworks/PerformanceAnalysis.framework/Versions/A/PerformanceAnalysis
0x00007fff43001000 	/System/Library/Frameworks/OpenGL.framework/Versions/A/OpenGL
0x00007fff375e9000 	/System/Library/Frameworks/ColorSync.framework/Versions/A/ColorSync
0x00007fff38f81000 	/System/Library/Frameworks/CoreImage.framework/Versions/A/CoreImage
0x00007fff3a2d8000 	/System/Library/Frameworks/CoreText.framework/Versions/A/CoreText
0x00007fff3b3a9000 	/System/Library/Frameworks/ImageIO.framework/Versions/A/ImageIO
0x00007fff6f8b5000 	/usr/lib/libcompression.dylib
0x00007fff6f3c1000 	/usr/lib/libMobileGestalt.dylib
0x00007fff692d2000 	/System/Library/PrivateFrameworks/TextureIO.framework/Versions/A/TextureIO
0x00007fff6f6b8000 	/usr/lib/libate.dylib
0x00007fff5d790000 	/System/Library/PrivateFrameworks/InternationalSupport.framework/Versions/A/InternationalSupport
0x00007fff70690000 	/usr/lib/liblzma.5.dylib
0x00007fff7030b000 	/usr/lib/libfakelink.dylib
0x00007fff6f645000 	/usr/lib/libarchive.2.dylib
0x00007fff45e83000 	/System/Library/Frameworks/SystemConfiguration.framework/Versions/A/SystemConfiguration
0x00007fff6efb0000 	/usr/lib/libCRFSuite.dylib
0x00007fff36cec000 	/System/Library/Frameworks/CFNetwork.framework/Versions/A/CFNetwork
0x00007fff6f81b000 	/usr/lib/libbsm.0.dylib
0x00007fff7258c000 	/usr/lib/system/libkxld.dylib
0x00007fff4bdc0000 	/System/Library/PrivateFrameworks/AppleFSCompression.framework/Versions/A/AppleFSCompression
0x00007fff6fba6000 	/usr/lib/libcoretls.dylib
0x00007fff6fbbd000 	/usr/lib/libcoretls_cfhelpers.dylib
0x00007fff713f9000 	/usr/lib/libpam.2.dylib
0x00007fff7152e000 	/usr/lib/libsqlite3.dylib
0x00007fff7196d000 	/usr/lib/libxar.1.dylib
0x00007fff6f82c000 	/usr/lib/libbz2.1.0.dylib
0x00007fff7032c000 	/usr/lib/libiconv.2.dylib
0x00007fff6f8a2000 	/usr/lib/libcharset.1.dylib
0x00007fff70e96000 	/usr/lib/libnetwork.dylib
0x00007fff71400000 	/usr/lib/libpcap.A.dylib
0x00007fff6f5fa000 	/usr/lib/libapple_nghttp2.dylib
0x00007fff39c1c000 	/System/Library/Frameworks/CoreServices.framework/Versions/A/Frameworks/FSEvents.framework/Versions/A/FSEvents
0x00007fff398ec000 	/System/Library/Frameworks/CoreServices.framework/Versions/A/Frameworks/CarbonCore.framework/Versions/A/CarbonCore
0x00007fff39e60000 	/System/Library/Frameworks/CoreServices.framework/Versions/A/Frameworks/Metadata.framework/Versions/A/Metadata
0x00007fff39ef9000 	/System/Library/Frameworks/CoreServices.framework/Versions/A/Frameworks/OSServices.framework/Versions/A/OSServices
0x00007fff39f27000 	/System/Library/Frameworks/CoreServices.framework/Versions/A/Frameworks/SearchKit.framework/Versions/A/SearchKit
0x00007fff39866000 	/System/Library/Frameworks/CoreServices.framework/Versions/A/Frameworks/AE.framework/Versions/A/AE
0x00007fff39c25000 	/System/Library/Frameworks/CoreServices.framework/Versions/A/Frameworks/LaunchServices.framework/Versions/A/LaunchServices
0x00007fff39bce000 	/System/Library/Frameworks/CoreServices.framework/Versions/A/Frameworks/DictionaryServices.framework/Versions/A/DictionaryServices
0x00007fff39f8f000 	/System/Library/Frameworks/CoreServices.framework/Versions/A/Frameworks/SharedFileList.framework/Versions/A/SharedFileList
0x00007fff3ee20000 	/System/Library/Frameworks/NetFS.framework/Versions/A/NetFS
0x00007fff5fb07000 	/System/Library/PrivateFrameworks/NetAuth.framework/Versions/A/NetAuth
0x00007fff6c490000 	/System/Library/PrivateFrameworks/login.framework/Versions/A/Frameworks/loginsupport.framework/Versions/A/loginsupport
0x00007fff68d9d000 	/System/Library/PrivateFrameworks/TCC.framework/Versions/A/TCC
0x00007fff509f1000 	/System/Library/PrivateFrameworks/CoreNLP.framework/Versions/A/CoreNLP
0x00007fff5f004000 	/System/Library/PrivateFrameworks/MetadataUtilities.framework/Versions/A/MetadataUtilities
0x00007fff70768000 	/usr/lib/libmecabra.dylib
0x00007fff706c0000 	/usr/lib/libmecab.dylib
0x00007fff7031c000 	/usr/lib/libgermantok.dylib
0x00007fff6f5e1000 	/usr/lib/libThaiTokenizer.dylib
0x00007fff6efe7000 	/usr/lib/libChineseTokenizer.dylib
0x00007fff3411c000 	/System/Library/Frameworks/Accelerate.framework/Versions/A/Frameworks/vImage.framework/Versions/A/vImage
0x00007fff35586000 	/System/Library/Frameworks/Accelerate.framework/Versions/A/Frameworks/vecLib.framework/Versions/A/vecLib
0x00007fff354c3000 	/System/Library/Frameworks/Accelerate.framework/Versions/A/Frameworks/vecLib.framework/Versions/A/libvMisc.dylib
0x00007fff352eb000 	/System/Library/Frameworks/Accelerate.framework/Versions/A/Frameworks/vecLib.framework/Versions/A/libvDSP.dylib
0x00007fff34773000 	/System/Library/Frameworks/Accelerate.framework/Versions/A/Frameworks/vecLib.framework/Versions/A/libBLAS.dylib
0x00007fff34eaf000 	/System/Library/Frameworks/Accelerate.framework/Versions/A/Frameworks/vecLib.framework/Versions/A/libLAPACK.dylib
0x00007fff3524b000 	/System/Library/Frameworks/Accelerate.framework/Versions/A/Frameworks/vecLib.framework/Versions/A/libLinearAlgebra.dylib
0x00007fff352d8000 	/System/Library/Frameworks/Accelerate.framework/Versions/A/Frameworks/vecLib.framework/Versions/A/libSparseBLAS.dylib
0x00007fff35261000 	/System/Library/Frameworks/Accelerate.framework/Versions/A/Frameworks/vecLib.framework/Versions/A/libQuadrature.dylib
0x00007fff349db000 	/System/Library/Frameworks/Accelerate.framework/Versions/A/Frameworks/vecLib.framework/Versions/A/libBNNS.dylib
0x00007fff35267000 	/System/Library/Frameworks/Accelerate.framework/Versions/A/Frameworks/vecLib.framework/Versions/A/libSparse.dylib
0x00007fff5db78000 	/System/Library/PrivateFrameworks/LanguageModeling.framework/Versions/A/LanguageModeling
0x00007fff503a1000 	/System/Library/PrivateFrameworks/CoreEmoji.framework/Versions/A/CoreEmoji
0x00007fff5dc96000 	/System/Library/PrivateFrameworks/LinguisticData.framework/Versions/A/LinguisticData
0x00007fff5dc47000 	/System/Library/PrivateFrameworks/Lexicon.framework/Versions/A/Lexicon
0x00007fff6f8a3000 	/usr/lib/libcmph.dylib
0x00007fff41a0f000 	/System/Library/Frameworks/OpenDirectory.framework/Versions/A/Frameworks/CFOpenDirectory.framework/Versions/A/CFOpenDirectory
0x00007fff41a2c000 	/System/Library/Frameworks/OpenDirectory.framework/Versions/A/OpenDirectory
0x00007fff49e6d000 	/System/Library/PrivateFrameworks/APFS.framework/Versions/A/APFS
0x00007fff4511c000 	/System/Library/Frameworks/SecurityFoundation.framework/Versions/A/SecurityFoundation
0x00007fff71969000 	/usr/lib/libutil.dylib
0x00007fff518d6000 	/System/Library/PrivateFrameworks/CoreServicesStore.framework/Versions/A/CoreServicesStore
0x00007fff451d3000 	/System/Library/Frameworks/ServiceManagement.framework/Versions/A/ServiceManagement
0x00007fff4d590000 	/System/Library/PrivateFrameworks/BackgroundTaskManagement.framework/Versions/A/BackgroundTaskManagement
0x00007fff71a66000 	/usr/lib/libxslt.1.dylib
0x00007fff4c433000 	/System/Library/PrivateFrameworks/AppleSystemInfo.framework/Versions/A/AppleSystemInfo
0x00007fff3b5c4000 	/System/Library/Frameworks/ImageIO.framework/Versions/A/Resources/libJPEG.dylib
0x00007fff3b883000 	/System/Library/Frameworks/ImageIO.framework/Versions/A/Resources/libTIFF.dylib
0x00007fff3b866000 	/System/Library/Frameworks/ImageIO.framework/Versions/A/Resources/libPng.dylib
0x00007fff3b506000 	/System/Library/Frameworks/ImageIO.framework/Versions/A/Resources/libGIF.dylib
0x00007fff3b50a000 	/System/Library/Frameworks/ImageIO.framework/Versions/A/Resources/libJP2.dylib
0x00007fff3b881000 	/System/Library/Frameworks/ImageIO.framework/Versions/A/Resources/libRadiance.dylib
0x00007fff702e5000 	/usr/lib/libexpat.1.dylib
0x00007fff4bf1b000 	/System/Library/PrivateFrameworks/AppleJPEG.framework/Versions/A/AppleJPEG
0x00007fff54bec000 	/System/Library/PrivateFrameworks/FontServices.framework/libFontParser.dylib
0x00007fff6b492000 	/System/Library/PrivateFrameworks/WatchdogClient.framework/Versions/A/WatchdogClient
0x00007fff5d1d3000 	/System/Library/PrivateFrameworks/IOAccelerator.framework/Versions/A/IOAccelerator
0x00007fff3dd90000 	/System/Library/Frameworks/MetalPerformanceShaders.framework/Versions/A/MetalPerformanceShaders
0x00007fff59969000 	/System/Library/PrivateFrameworks/GPUWrangler.framework/Versions/A/GPUWrangler
0x00007fff5d1e8000 	/System/Library/PrivateFrameworks/IOPresentment.framework/Versions/A/IOPresentment
0x00007fff52456000 	/System/Library/PrivateFrameworks/DSExternalDisplay.framework/Versions/A/DSExternalDisplay
0x00007fff423a0000 	/System/Library/Frameworks/OpenGL.framework/Versions/A/Libraries/libCoreFSCache.dylib
0x00007fff3dadc000 	/System/Library/Frameworks/MetalPerformanceShaders.framework/Frameworks/MPSCore.framework/Versions/A/MPSCore
0x00007fff3db1a000 	/System/Library/Frameworks/MetalPerformanceShaders.framework/Frameworks/MPSImage.framework/Versions/A/MPSImage
0x00007fff3dbe1000 	/System/Library/Frameworks/MetalPerformanceShaders.framework/Frameworks/MPSNeuralNetwork.framework/Versions/A/MPSNeuralNetwork
0x00007fff3dba5000 	/System/Library/Frameworks/MetalPerformanceShaders.framework/Frameworks/MPSMatrix.framework/Versions/A/MPSMatrix
0x00007fff3dd40000 	/System/Library/Frameworks/MetalPerformanceShaders.framework/Frameworks/MPSRayIntersector.framework/Versions/A/MPSRayIntersector
0x00007fff3dbcb000 	/System/Library/Frameworks/MetalPerformanceShaders.framework/Frameworks/MPSNDArray.framework/Versions/A/MPSNDArray
0x00007fff5f051000 	/System/Library/PrivateFrameworks/MetalTools.framework/Versions/A/MetalTools
0x00007fff4b047000 	/System/Library/PrivateFrameworks/AggregateDictionary.framework/Versions/A/AggregateDictionary
0x00007fff4fde9000 	/System/Library/PrivateFrameworks/CoreAnalytics.framework/Versions/A/CoreAnalytics
0x00007fff4c352000 	/System/Library/PrivateFrameworks/AppleSauce.framework/Versions/A/AppleSauce
0x00007fff6f2a3000 	/usr/lib/libIOReport.dylib
0x00007fff3a490000 	/System/Library/Frameworks/CoreVideo.framework/Versions/A/CoreVideo
0x00007fff5ade2000 	/System/Library/PrivateFrameworks/GraphVisualizer.framework/Versions/A/GraphVisualizer
0x00007fff54132000 	/System/Library/PrivateFrameworks/FaceCore.framework/Versions/A/FaceCore
0x00007fff419b6000 	/System/Library/Frameworks/OpenCL.framework/Versions/A/OpenCL
0x00007fff6f0c5000 	/usr/lib/libFosl_dynamic.dylib
0x00007fff60527000 	/System/Library/PrivateFrameworks/OTSVG.framework/Versions/A/OTSVG
0x00007fff36645000 	/System/Library/Frameworks/ApplicationServices.framework/Versions/A/Frameworks/ATS.framework/Versions/A/Resources/libFontRegistry.dylib
0x00007fff54dbd000 	/System/Library/PrivateFrameworks/FontServices.framework/libhvf.dylib
0x00007fff423ab000 	/System/Library/Frameworks/OpenGL.framework/Versions/A/Libraries/libGFXShared.dylib
0x00007fff42589000 	/System/Library/Frameworks/OpenGL.framework/Versions/A/Libraries/libGLU.dylib
0x00007fff423b4000 	/System/Library/Frameworks/OpenGL.framework/Versions/A/Libraries/libGL.dylib
0x00007fff423bf000 	/System/Library/Frameworks/OpenGL.framework/Versions/A/Libraries/libGLImage.dylib
0x00007fff4239d000 	/System/Library/Frameworks/OpenGL.framework/Versions/A/Libraries/libCVMSPluginSupport.dylib
0x00007fff423a6000 	/System/Library/Frameworks/OpenGL.framework/Versions/A/Libraries/libCoreVMClient.dylib
0x00007fff70d37000 	/usr/lib/libncurses.5.4.dylib
0x00007fff36541000 	/System/Library/Frameworks/ApplicationServices.framework/Versions/A/Frameworks/ATS.framework/Versions/A/ATS
0x00007fff3670e000 	/System/Library/Frameworks/ApplicationServices.framework/Versions/A/Frameworks/ColorSyncLegacy.framework/Versions/A/ColorSyncLegacy
0x00007fff367ac000 	/System/Library/Frameworks/ApplicationServices.framework/Versions/A/Frameworks/HIServices.framework/Versions/A/HIServices
0x00007fff36804000 	/System/Library/Frameworks/ApplicationServices.framework/Versions/A/Frameworks/LangAnalysis.framework/Versions/A/LangAnalysis
0x00007fff36813000 	/System/Library/Frameworks/ApplicationServices.framework/Versions/A/Frameworks/PrintCore.framework/Versions/A/PrintCore
0x00007fff36859000 	/System/Library/Frameworks/ApplicationServices.framework/Versions/A/Frameworks/QD.framework/Versions/A/QD
0x00007fff36864000 	/System/Library/Frameworks/ApplicationServices.framework/Versions/A/Frameworks/SpeechSynthesis.framework/Versions/A/SpeechSynthesis
0x00007fff366de000 	/System/Library/Frameworks/ApplicationServices.framework/Versions/A/Frameworks/ATSUI.framework/Versions/A/ATSUI
0x00007fff7017b000 	/usr/lib/libcups.2.dylib
0x00007fff3ce2b000 	/System/Library/Frameworks/Kerberos.framework/Versions/A/Kerberos
0x00007fff3af6c000 	/System/Library/Frameworks/GSS.framework/Versions/A/GSS
0x00007fff714ba000 	/usr/lib/libresolv.9.dylib
0x00007fff5af8f000 	/System/Library/PrivateFrameworks/Heimdal.framework/Versions/A/Heimdal
0x00007fff3ce3e000 	/System/Library/Frameworks/Kerberos.framework/Versions/A/Libraries/libHeimdalProxy.dylib
0x00007fff70322000 	/usr/lib/libheimdal-asn1.dylib
0x00007fff4f281000 	/System/Library/PrivateFrameworks/CommonAuth.framework/Versions/A/CommonAuth
0x00007fff4c4d0000 	/System/Library/PrivateFrameworks/AssertionServices.framework/Versions/A/AssertionServices
0x00007fff4d073000 	/System/Library/PrivateFrameworks/AudioToolboxCore.framework/Versions/A/AudioToolboxCore
0x00007fff6c140000 	/System/Library/PrivateFrameworks/caulk.framework/Versions/A/caulk
0x00007fff4d63c000 	/System/Library/PrivateFrameworks/BaseBoard.framework/Versions/A/BaseBoard
0x00007fff6478a000 	/System/Library/PrivateFrameworks/RunningBoardServices.framework/Versions/A/RunningBoardServices
0x00007fff6179b000 	/System/Library/PrivateFrameworks/PersistentConnection.framework/Versions/A/PersistentConnection
0x00007fff64183000 	/System/Library/PrivateFrameworks/ProtocolBuffer.framework/Versions/A/ProtocolBuffer
0x00007fff4f2a5000 	/System/Library/PrivateFrameworks/CommonUtilities.framework/Versions/A/CommonUtilities
0x00007fff4d7ca000 	/System/Library/PrivateFrameworks/Bom.framework/Versions/A/Bom
0x00007fff6ef76000 	/usr/lib/libAudioToolboxUtility.dylib
0x00007fff4d59a000 	/System/Library/PrivateFrameworks/Backup.framework/Versions/A/Backup
0x00007fff52377000 	/System/Library/PrivateFrameworks/CrashReporterSupport.framework/Versions/A/CrashReporterSupport
0x00007fff6621c000 	/System/Library/PrivateFrameworks/Sharing.framework/Versions/A/Sharing
0x00007fff4bade000 	/System/Library/PrivateFrameworks/Apple80211.framework/Versions/A/Apple80211
0x00007fff4d2b7000 	/System/Library/PrivateFrameworks/AuthKit.framework/Versions/A/AuthKit
0x00007fff52084000 	/System/Library/PrivateFrameworks/CoreUtils.framework/Versions/A/CoreUtils
0x00007fff3a4d5000 	/System/Library/Frameworks/CoreWLAN.framework/Versions/A/CoreWLAN
0x00007fff3b0f9000 	/System/Library/Frameworks/IOBluetooth.framework/Versions/A/IOBluetooth
0x00007fff5f356000 	/System/Library/PrivateFrameworks/MobileKeyBag.framework/Versions/A/MobileKeyBag
0x00007fff50e89000 	/System/Library/PrivateFrameworks/CorePhoneNumbers.framework/Versions/A/CorePhoneNumbers
0x00007fff4bece000 	/System/Library/PrivateFrameworks/AppleIDAuthSupport.framework/Versions/A/AppleIDAuthSupport
0x00007fff3ee2d000 	/System/Library/Frameworks/Network.framework/Versions/A/Network
0x00007fff5da24000 	/System/Library/PrivateFrameworks/KeychainCircle.framework/Versions/A/KeychainCircle
0x00007fff37f26000 	/System/Library/Frameworks/CoreBluetooth.framework/Versions/A/CoreBluetooth
0x00007fff6829b000 	/System/Library/PrivateFrameworks/SpeechRecognitionCore.framework/Versions/A/SpeechRecognitionCore
0x000000010bc00000 	/Library/Java/JavaVirtualMachines/jdk-15.0.1.jdk/Contents/Home/lib/server/libjvm.dylib
0x000000010b250000 	/Library/Java/JavaVirtualMachines/jdk-15.0.1.jdk/Contents/Home/lib/libjimage.dylib
0x000000010b2a6000 	/Library/Java/JavaVirtualMachines/jdk-15.0.1.jdk/Contents/Home/lib/libjava.dylib
0x000000010b3d7000 	/Library/Java/JavaVirtualMachines/jdk-15.0.1.jdk/Contents/Home/lib/libnio.dylib
0x000000010e0ec000 	/Library/Java/JavaVirtualMachines/jdk-15.0.1.jdk/Contents/Home/lib/libnet.dylib
0x000000010b3eb000 	/Library/Java/JavaVirtualMachines/jdk-15.0.1.jdk/Contents/Home/lib/libzip.dylib


VM Arguments:
jvm_args: -Dfile.encoding=UTF-8 --module-path=/Users/TTH/Documents/GitHub/1009assignment/target/classes:/Users/TTH/Documents/GitHub/1009assignment/lib/json-java.jar:/Users/TTH/Documents/GitHub/1009assignment/lib/commons-text-1.9.jar:/Users/TTH/Documents/GitHub/1009assignment/lib/commons-lang3-3.1.jar:/Users/TTH/Documents/GitHub/1009assignment/lib/httpcore-4.4.14.jar:/Users/TTH/Documents/GitHub/1009assignment/lib/httpclient-4.0-alpha3.jar:/Users/TTH/Documents/GitHub/1009assignment/lib/commons-logging-1.2.jar:/Users/TTH/Documents/GitHub/1009assignment/lib/commons-codec-1.15.jar:/Users/TTH/Documents/GitHub/1009assignment/lib/JRAW-1.1.0.jar:/Users/TTH/Documents/GitHub/1009assignment/lib/stanford-corenlp-4.2.0-models.jar:/Users/TTH/Documents/GitHub/1009assignment/lib/stanford-corenlp-4.2.0.jar:/Users/TTH/Documents/GitHub/1009assignment/jgoodies-forms-1.8.0.jar:/Users/TTH/Documents/GitHub/1009assignment/miglayout15-swing.jar:/Users/TTH/Documents/GitHub/1009assignment/lib/jsoup-1.13.1.jar:/Users/TTH/Documents/GitHub/1009assignment/lib/sqlite-jdbc-3.34.0.jar:/Users/TTH/Documents/GitHub/1009assignment/lib/twitter4j-core-4.0.7.jar:/Users/TTH/Documents/GitHub/1009assignment/lib/ejml-core-0.39.jar:/Users/TTH/Documents/GitHub/1009assignment/lib/ejml-ddense-0.39.jar:/Users/TTH/Documents/GitHub/1009assignment/lib/ejml-simple-0.39.jar:/Users/TTH/Documents/GitHub/1009assignment/lib/google-collections-1.0.jar:/Users/TTH/Documents/GitHub/1009assignment/lib/jcommon-1.0.23.jar:/Users/TTH/Documents/GitHub/1009assignment/lib/jfreechart.jar:/Users/TTH/.m2/repository/com/google/apis/google-api-services-youtube/v3-rev182-1.22.0/google-api-services-youtube-v3-rev182-1.22.0.jar:/Users/TTH/.m2/repository/com/google/api-client/google-api-client/1.22.0/google-api-client-1.22.0.jar:/Users/TTH/.m2/repository/com/google/oauth-client/google-oauth-client/1.22.0/google-oauth-client-1.22.0.jar:/Users/TTH/.m2/repository/com/google/apis/google-api-services-youtubeAnalytics/v1-rev63-1.22.0/google-api-services-youtubeAnalytics-v1-rev63-1-XX:+ShowCodeDetailsInExceptionMessages 
java_command: edu.stanford.nlp.trees.GrammaticalStructure$1
java_class_path (initial): /Users/TTH/Documents/GitHub/1009assignment/lib/stanford-corenlp-latest/stanford-corenlp-4.2.0/stanford-corenlp-4.2.0.jar:/Users/TTH/Documents/GitHub/1009assignment/lib/stanford-corenlp-latest/stanford-corenlp-4.2.0/javax.activation-api-1.2.0.jar:/Users/TTH/Documents/GitHub/1009assignment/lib/stanford-corenlp-latest/stanford-corenlp-4.2.0/jaxb-api-2.4.0-b180830.0359.jar:/Users/TTH/Documents/GitHub/1009assignment/lib/stanford-corenlp-latest/stanford-corenlp-4.2.0/jaxb-core-2.3.0.1.jar:/Users/TTH/Documents/GitHub/1009assignment/lib/stanford-corenlp-latest/stanford-corenlp-4.2.0/jaxb-impl-2.4.0-b180830.0438.jar:/Users/TTH/Documents/GitHub/1009assignment/lib/stanford-corenlp-latest/stanford-corenlp-4.2.0/joda-time.jar:/Users/TTH/Documents/GitHub/1009assignment/lib/stanford-corenlp-latest/stanford-corenlp-4.2.0/jollyday.jar:/Users/TTH/Documents/GitHub/1009assignment/lib/stanford-corenlp-latest/stanford-corenlp-4.2.0/protobuf.jar:/Users/TTH/Documents/GitHub/1009assignment/lib/stanford-corenlp-latest/stanford-corenlp-4.2.0/slf4j-api.jar:/Users/TTH/Documents/GitHub/1009assignment/lib/stanford-corenlp-latest/stanford-corenlp-4.2.0/slf4j-simple.jar:/Users/TTH/Documents/GitHub/1009assignment/lib/stanford-corenlp-latest/stanford-corenlp-4.2.0/xom.jar:/Users/TTH/.m2/repository/com/google/guava/guava-jdk5/17.0/guava-jdk5-17.0.jar:/Users/TTH/.m2/repository/com/google/apis/google-api-services-youtubereporting/v1-rev10-1.22.0/google-api-services-youtubereporting-v1-rev10-1.22.0.jar:/Users/TTH/.m2/repository/org/codehaus/jackson/jackson-mapper-asl/1.9.4/jackson-mapper-asl-1.9.4.jar:/Users/TTH/.m2/repository/org/codehaus/jackson/jackson-core-asl/1.9.4/jackson-core-asl-1.9.4.jar:/Users/TTH/.m2/repository/com/google/code/findbugs/jsr305/1.3.9/jsr305-1.3.9.jar:/Users/TTH/.m2/repository/org/apache/httpcomponents/httpcore/4.0.1/httpcore-4.0.1.jar:/Users/TTH/.m2/repository/commons-logging/commons-logging/1.1.1/commons-logging-1.1.1.jar:/Users/TTH/.m2/repository/c
Launcher Type: SUN_STANDARD

[Global flags]
     intx CICompilerCount                          = 3                                         {product} {ergonomic}
     uint ConcGCThreads                            = 1                                         {product} {ergonomic}
     uint G1ConcRefinementThreads                  = 4                                         {product} {ergonomic}
   size_t G1HeapRegionSize                         = 1048576                                   {product} {ergonomic}
    uintx GCDrainStackTargetSize                   = 64                                        {product} {ergonomic}
   size_t InitialHeapSize                          = 134217728                                 {product} {ergonomic}
   size_t MarkStackSize                            = 4194304                                   {product} {ergonomic}
   size_t MaxHeapSize                              = 2147483648                                {product} {ergonomic}
   size_t MaxNewSize                               = 1287651328                                {product} {ergonomic}
   size_t MinHeapDeltaBytes                        = 1048576                                   {product} {ergonomic}
   size_t MinHeapSize                              = 8388608                                   {product} {ergonomic}
    uintx NonNMethodCodeHeapSize                   = 5832780                                {pd product} {ergonomic}
    uintx NonProfiledCodeHeapSize                  = 122912730                              {pd product} {ergonomic}
    uintx ProfiledCodeHeapSize                     = 122912730                              {pd product} {ergonomic}
    uintx ReservedCodeCacheSize                    = 251658240                              {pd product} {ergonomic}
     bool SegmentedCodeCache                       = true                                      {product} {ergonomic}
     bool ShowCodeDetailsInExceptionMessages       = true                                   {manageable} {command line}
   size_t SoftMaxHeapSize                          = 2147483648                             {manageable} {ergonomic}
     bool UseCompressedClassPointers               = true                                 {lp64_product} {ergonomic}
     bool UseCompressedOops                        = true                                 {lp64_product} {ergonomic}
     bool UseG1GC                                  = true                                      {product} {ergonomic}
     bool UseNUMA                                  = false                                     {product} {ergonomic}
     bool UseNUMAInterleaving                      = false                                     {product} {ergonomic}

Logging:
Log output configuration:
 #0: stdout all=warning uptime,level,tags
 #1: stderr all=off uptime,level,tags

Environment Variables:
PATH=/usr/bin:/bin:/usr/sbin:/sbin
SHELL=/bin/bash
DISPLAY=/private/tmp/com.apple.launchd.n4fxmy20Ye/org.macosforge.xquartz:0

Signal Handlers:
SIGSEGV: [libjvm.dylib+0x9fe2e0], sa_mask[0]=11111111011111110111111111111111, sa_flags=SA_ONSTACK|SA_RESTART|SA_SIGINFO
SIGBUS: [libjvm.dylib+0x9fe2e0], sa_mask[0]=11111111011111110111111111111111, sa_flags=SA_RESTART|SA_SIGINFO
SIGFPE: [libjvm.dylib+0x9fe2e0], sa_mask[0]=11111111011111110111111111111111, sa_flags=SA_RESTART|SA_SIGINFO
SIGPIPE: [libjvm.dylib+0x82a110], sa_mask[0]=11111111011111110111111111111111, sa_flags=SA_RESTART|SA_SIGINFO
SIGXFSZ: [libjvm.dylib+0x82a110], sa_mask[0]=11111111011111110111111111111111, sa_flags=SA_RESTART|SA_SIGINFO
SIGILL: [libjvm.dylib+0x9fe2e0], sa_mask[0]=11111111011111110111111111111111, sa_flags=SA_RESTART|SA_SIGINFO
SIGUSR2: [libjvm.dylib+0x82ac20], sa_mask[0]=00100000000000000000000000000000, sa_flags=SA_RESTART|SA_SIGINFO
SIGHUP: [libjvm.dylib+0x829320], sa_mask[0]=11111111011111110111111111111111, sa_flags=SA_RESTART|SA_SIGINFO
SIGINT: [libjvm.dylib+0x829320], sa_mask[0]=11111111011111110111111111111111, sa_flags=SA_RESTART|SA_SIGINFO
SIGTERM: [libjvm.dylib+0x829320], sa_mask[0]=11111111011111110111111111111111, sa_flags=SA_RESTART|SA_SIGINFO
SIGQUIT: [libjvm.dylib+0x829320], sa_mask[0]=11111111011111110111111111111111, sa_flags=SA_RESTART|SA_SIGINFO


---------------  S Y S T E M  ---------------

OS:uname: Darwin 19.6.0 Darwin Kernel Version 19.6.0: Mon Aug 31 22:12:52 PDT 2020; root:xnu-6153.141.2~1/RELEASE_X86_64 x86_64
OS uptime: 2 days 20:30 hours
rlimit (soft/hard): STACK 8192k/65532k , CORE 0k/infinity , NPROC 1392/2088 , NOFILE 10240/infinity , AS infinity/infinity , CPU infinity/infinity , DATA infinity/infinity , FSIZE infinity/infinity , MEMLOCK infinity/infinity , RSS infinity/infinity
load average: 8.03 4.77 3.48

CPU: total 4 (initial active 4) (2 cores per cpu, 2 threads per core) family 6 model 61 stepping 4 microcode 0x2f, cmov, cx8, fxsr, mmx, sse, sse2, sse3, ssse3, sse4.1, sse4.2, popcnt, vzeroupper, avx, avx2, aes, clmul, erms, 3dnowpref, lzcnt, ht, tsc, tscinvbit, bmi1, bmi2, adx, fma, clflush

Memory: 4k page, physical 8388608k(69476k free), swap 2097152k(1124352k free)

vm_info: Java HotSpot(TM) 64-Bit Server VM (15.0.1+9-18) for bsd-amd64 JRE (15.0.1+9-18), built on Sep 15 2020 13:50:45 by "mach5one" with clang 4.2.1 Compatible Apple LLVM 10.0.0 (clang-1000.11.45.5)

END.
